[info][19:26:20:194143] Progress start
[info][19:26:20:194236] main Init video_buf_queue
[info][19:26:20:194338] main create UDPSOCKFun thread success
[info][19:26:20:194401] main create JrtpFun thread success
[info][19:26:20:194530] In JrtpFun
[info][19:26:21:351855] JrtpFun wait push
[info][19:26:21:737725] execute create CameraProvider success
[info][19:26:21:737865] execute Get 4 cameras
[info][19:26:21:803077] execute get ICaptureSession interface success
[info][19:26:21:803155] execute get IOutputStreamSettings interface success
[info][19:26:21:842327] threadInitialize create FrameConsumer success
[info][19:26:21:847703] createVideoEncoder create m_VideoEncoder success
[info][19:26:21:847764] createVideoEncoder set capture plane format success
[info][19:26:21:849038] createVideoEncoder set output plane format success
[info][19:26:21:849096] createVideoEncoder set m_VideoEncoder framerate success
[info][19:26:21:849121] createVideoEncoder set I-frame interval success
[info][19:26:21:849367] createVideoEncoder set bitrate success
[info][19:26:21:849400] createVideoEncoder encode h264
[info][19:26:21:849419] createVideoEncoder set m_VideoEncoder profile
[info][19:26:21:849440] createVideoEncoder set m_VideoEncoder level success
[info][19:26:21:849460] createVideoEncoder set rate control mode success
[info][19:26:21:849524] createVideoEncoder setup output plane success
[info][19:26:21:870448] createVideoEncoder setup capture plane success
[info][19:26:21:870679] threadInitialize create video encoder success
[info][19:26:21:870819] threadInitialize stream on output plane success
[info][19:26:21:870854] threadInitialize stream on capture plane success
[info][19:26:21:871113] execute create Request success
[info][19:26:21:871159] execute get ISourceSettings interface
[info][19:26:21:871886] threadExecute Stream connect success
[info][19:26:21:872542] execute start repeat capture request
[info][19:26:22:524443] JrtpFun wait push
[info][19:26:23:707778] JrtpFun wait push
[info][19:26:24:898271] JrtpFun wait push
[info][19:26:26:083985] JrtpFun wait push
[info][19:26:27:280048] JrtpFun wait push
[info][19:26:28:473580] JrtpFun wait push
[info][19:26:29:661534] JrtpFun wait push
[info][19:26:30:847060] JrtpFun wait push
[info][19:26:32:034231] JrtpFun wait push
[info][19:26:33:231188] JrtpFun wait push
[info][19:26:34:423449] JrtpFun wait push
[info][19:26:35:617479] JrtpFun wait push
[info][19:26:36:805743] JrtpFun wait push
[info][19:26:38:007689] JrtpFun wait push
[info][19:26:39:203514] JrtpFun wait push
[info][19:26:40:396045] JrtpFun wait push
[info][19:26:41:565593] JrtpFun wait push
[info][19:26:42:742097] JrtpFun wait push
[info][19:26:43:924652] JrtpFun wait push
[info][19:26:45:109814] JrtpFun wait push
[info][19:26:45:755259] UDPSOCKFun Init UDP
