[info][16:04:56:493866] Progress start
[info][16:04:56:493961] main Init video_buf_queue
[info][16:04:56:592549] Init pulse audio player Init success
[info][16:04:56:592834] main pcm_obj init success
[info][16:04:56:598433] main aac_obj init success
[info][16:04:56:598496] main Init audio_buf_queue_faac
[info][16:04:56:598568] main create faac encode aac thread success
[info][16:04:56:598662] In FAACAudioEncFun
[info][16:04:57:036863] main librtmp connect to RTMP server
[info][16:04:57:036927] main librtmp connect rtmp://video-center.alivecdn.com/AppName/StreamName?vhost=live.rabbitslive.com
[info][16:04:57:037089] main create push video thread
[info][16:04:57:037143] main create push audio thread
[info][16:04:57:037167] In LibRtmpPushVideoFun
[info][16:04:57:037212] main create video fps thread
[info][16:04:57:037240] In LibRtmpPushAudioFun
[info][16:04:58:037399] LibRtmpVideoFpsFunlive video fps: 0 fps Default fps:25 fps push aud fps :0video pts:0 audio pts:0+++++++++++
[info][16:04:58:099282] LibRtmpPushVideoFun no video data
[info][16:04:58:099351] LibRtmpPushAudioFun no audio data
[info][16:04:58:359551] execute create CameraProvider success
[info][16:04:58:359700] execute Get 4 cameras
[info][16:04:58:408102] execute get ICaptureSession interface success
[info][16:04:58:408177] execute get IOutputStreamSettings interface success
[info][16:04:58:449400] threadInitialize create FrameConsumer success
[info][16:04:58:456489] createVideoEncoder create m_VideoEncoder success
[info][16:04:58:456551] createVideoEncoder set capture plane format success
[info][16:04:58:457639] createVideoEncoder set output plane format success
[info][16:04:58:457691] createVideoEncoder set m_VideoEncoder framerate success
[info][16:04:58:457716] createVideoEncoder set I-frame interval success
[info][16:04:58:457944] createVideoEncoder set bitrate success
[info][16:04:58:457972] createVideoEncoder encode h265
[info][16:04:58:458042] createVideoEncoder set m_VideoEncoder profile
[info][16:04:58:458064] createVideoEncoder set rate control mode success
[info][16:04:58:458092] createVideoEncoder setup output plane success
[info][16:04:58:479574] createVideoEncoder setup capture plane success
[info][16:04:58:479674] threadInitialize create video encoder success
[info][16:04:58:479879] threadInitialize stream on output plane success
[info][16:04:58:479922] threadInitialize stream on capture plane success
[info][16:04:58:480205] execute create Request success
[info][16:04:58:480254] execute get ISourceSettings interface
[info][16:04:58:481316] threadExecute Stream connect success
[info][16:04:58:481380] execute start repeat capture request
[error][16:04:58:974469] LibRtmpPushVideoFun send video data failed error
[error][16:04:59:016479] LibRtmpPushVideoFun send video data failed error
[info][16:04:59:037647] LibRtmpVideoFpsFunlive video fps: 2 fps Default fps:25 fps push aud fps :0video pts:41 audio pts:0+++++++++++
[error][16:04:59:059727] LibRtmpPushVideoFun send video data failed error
[error][16:04:59:103867] LibRtmpPushVideoFun send video data failed error
[error][16:04:59:141776] LibRtmpPushVideoFun send video data failed error
[error][16:04:59:184228] LibRtmpPushVideoFun send video data failed error
[info][16:04:59:200396] LibRtmpPushAudioFun no audio data
[error][16:04:59:226604] LibRtmpPushVideoFun send video data failed error
[error][16:04:59:267536] LibRtmpPushVideoFun send video data failed error
[error][16:04:59:309799] LibRtmpPushVideoFun send video data failed error
[error][16:04:59:350553] LibRtmpPushVideoFun send video data failed error
[error][16:04:59:392300] LibRtmpPushVideoFun send video data failed error
[error][16:04:59:434547] LibRtmpPushVideoFun send video data failed error
[error][16:04:59:476592] LibRtmpPushVideoFun send video data failed error
[error][16:04:59:518175] LibRtmpPushVideoFun send video data failed error
[error][16:04:59:560529] LibRtmpPushVideoFun send video data failed error
[error][16:04:59:606698] LibRtmpPushVideoFun send video data failed error
[error][16:04:59:643845] LibRtmpPushVideoFun send video data failed error
[error][16:04:59:686199] LibRtmpPushVideoFun send video data failed error
[error][16:04:59:728345] LibRtmpPushVideoFun send video data failed error
[error][16:04:59:743921] FAACAudioEncFun encode aac data failed error
[error][16:04:59:769216] LibRtmpPushVideoFun send video data failed error
[error][16:04:59:812453] LibRtmpPushVideoFun send video data failed error
[error][16:04:59:825795] FAACAudioEncFun encode aac data failed error
[error][16:04:59:852987] LibRtmpPushVideoFun send video data failed error
[error][16:04:59:894652] LibRtmpPushVideoFun send video data failed error
[error][16:04:59:908232] FAACAudioEncFun encode aac data failed error
[error][16:04:59:937288] LibRtmpPushVideoFun send video data failed error
[error][16:04:59:981980] LibRtmpPushVideoFun send video data failed error
[error][16:05:00:020705] LibRtmpPushVideoFun send video data failed error
[info][16:05:00:037831] LibRtmpVideoFpsFunlive video fps: 24 fps Default fps:25 fps push aud fps :1video pts:1046 audio pts:64+++++++++++
[error][16:05:00:062722] LibRtmpPushVideoFun send video data failed error
[error][16:05:00:103994] LibRtmpPushVideoFun send video data failed error
[error][16:05:00:146186] LibRtmpPushVideoFun send video data failed error
[error][16:05:00:187810] LibRtmpPushVideoFun send video data failed error
[error][16:05:00:229798] LibRtmpPushVideoFun send video data failed error
[error][16:05:00:271918] LibRtmpPushVideoFun send video data failed error
[info][16:05:00:310498] LibRtmpPushAudioFun no audio data
[error][16:05:00:313725] LibRtmpPushVideoFun send video data failed error
[error][16:05:00:356195] LibRtmpPushVideoFun send video data failed error
[error][16:05:00:397994] LibRtmpPushVideoFun send video data failed error
[error][16:05:00:439245] LibRtmpPushVideoFun send video data failed error
[error][16:05:00:481674] LibRtmpPushVideoFun send video data failed error
[error][16:05:00:523621] LibRtmpPushVideoFun send video data failed error
[error][16:05:00:564415] LibRtmpPushVideoFun send video data failed error
[error][16:05:00:606678] LibRtmpPushVideoFun send video data failed error
[error][16:05:00:648596] LibRtmpPushVideoFun send video data failed error
[error][16:05:00:690482] LibRtmpPushVideoFun send video data failed error
[error][16:05:00:735133] LibRtmpPushVideoFun send video data failed error
[error][16:05:00:774492] LibRtmpPushVideoFun send video data failed error
[error][16:05:00:815857] LibRtmpPushVideoFun send video data failed error
[error][16:05:00:858542] LibRtmpPushVideoFun send video data failed error
[error][16:05:00:899489] LibRtmpPushVideoFun send video data failed error
[error][16:05:00:944141] LibRtmpPushVideoFun send video data failed error
[error][16:05:00:984155] LibRtmpPushVideoFun send video data failed error
[error][16:05:01:029258] LibRtmpPushVideoFun send video data failed error
[info][16:05:01:037942] LibRtmpVideoFpsFunlive video fps: 24 fps Default fps:25 fps push aud fps :13video pts:2054 audio pts:896+++++++++++
[error][16:05:01:067011] LibRtmpPushVideoFun send video data failed error
[error][16:05:01:109060] LibRtmpPushVideoFun send video data failed error
[error][16:05:01:153183] LibRtmpPushVideoFun send video data failed error
[error][16:05:01:192770] LibRtmpPushVideoFun send video data failed error
[error][16:05:01:235217] LibRtmpPushVideoFun send video data failed error
[error][16:05:01:277338] LibRtmpPushVideoFun send video data failed error
[error][16:05:01:319135] LibRtmpPushVideoFun send video data failed error
[error][16:05:01:359892] LibRtmpPushVideoFun send video data failed error
[error][16:05:01:401887] LibRtmpPushVideoFun send video data failed error
[info][16:05:01:408882] LibRtmpPushAudioFun no audio data
[error][16:05:01:448387] LibRtmpPushVideoFun send video data failed error
[error][16:05:01:486243] LibRtmpPushVideoFun send video data failed error
[error][16:05:01:527660] LibRtmpPushVideoFun send video data failed error
[error][16:05:01:570194] LibRtmpPushVideoFun send video data failed error
[error][16:05:01:611781] LibRtmpPushVideoFun send video data failed error
[error][16:05:01:653351] LibRtmpPushVideoFun send video data failed error
[error][16:05:01:694970] LibRtmpPushVideoFun send video data failed error
[error][16:05:01:736426] LibRtmpPushVideoFun send video data failed error
[error][16:05:01:778900] LibRtmpPushVideoFun send video data failed error
[error][16:05:01:820306] LibRtmpPushVideoFun send video data failed error
[error][16:05:01:863808] LibRtmpPushVideoFun send video data failed error
[error][16:05:01:904394] LibRtmpPushVideoFun send video data failed error
[error][16:05:01:947251] LibRtmpPushVideoFun send video data failed error
[error][16:05:01:988821] LibRtmpPushVideoFun send video data failed error
[error][16:05:02:029680] LibRtmpPushVideoFun send video data failed error
[info][16:05:02:038053] LibRtmpVideoFpsFunlive video fps: 24 fps Default fps:25 fps push aud fps :13video pts:3055 audio pts:1728+++++++++++
[error][16:05:02:075650] LibRtmpPushVideoFun send video data failed error
[error][16:05:02:114341] LibRtmpPushVideoFun send video data failed error
[error][16:05:02:169380] LibRtmpPushVideoFun send video data failed error
[error][16:05:02:199257] LibRtmpPushVideoFun send video data failed error
[error][16:05:02:239113] LibRtmpPushVideoFun send video data failed error
[error][16:05:02:282007] LibRtmpPushVideoFun send video data failed error
[error][16:05:02:323321] LibRtmpPushVideoFun send video data failed error
[error][16:05:02:366165] LibRtmpPushVideoFun send video data failed error
[error][16:05:02:407270] LibRtmpPushVideoFun send video data failed error
[error][16:05:02:451194] LibRtmpPushVideoFun send video data failed error
[error][16:05:02:491056] LibRtmpPushVideoFun send video data failed error
[info][16:05:02:519910] LibRtmpPushAudioFun no audio data
[error][16:05:02:532881] LibRtmpPushVideoFun send video data failed error
[error][16:05:02:574676] LibRtmpPushVideoFun send video data failed error
[error][16:05:02:616184] LibRtmpPushVideoFun send video data failed error
[error][16:05:02:660288] LibRtmpPushVideoFun send video data failed error
[error][16:05:02:700110] LibRtmpPushVideoFun send video data failed error
[error][16:05:02:743544] LibRtmpPushVideoFun send video data failed error
[error][16:05:02:784960] LibRtmpPushVideoFun send video data failed error
[error][16:05:02:826067] LibRtmpPushVideoFun send video data failed error
[error][16:05:02:866801] LibRtmpPushVideoFun send video data failed error
[error][16:05:02:910623] LibRtmpPushVideoFun send video data failed error
[error][16:05:02:950930] LibRtmpPushVideoFun send video data failed error
[error][16:05:02:993174] LibRtmpPushVideoFun send video data failed error
[error][16:05:03:034844] LibRtmpPushVideoFun send video data failed error
[info][16:05:03:038126] LibRtmpVideoFpsFunlive video fps: 24 fps Default fps:25 fps push aud fps :13video pts:4060 audio pts:2560+++++++++++
[error][16:05:03:077063] LibRtmpPushVideoFun send video data failed error
[error][16:05:03:121743] LibRtmpPushVideoFun send video data failed error
[error][16:05:03:164153] LibRtmpPushVideoFun send video data failed error
[error][16:05:03:203866] LibRtmpPushVideoFun send video data failed error
[error][16:05:03:244699] LibRtmpPushVideoFun send video data failed error
[error][16:05:03:286171] LibRtmpPushVideoFun send video data failed error
[error][16:05:03:329922] LibRtmpPushVideoFun send video data failed error
[error][16:05:03:372471] LibRtmpPushVideoFun send video data failed error
[error][16:05:03:411604] LibRtmpPushVideoFun send video data failed error
[error][16:05:03:454217] LibRtmpPushVideoFun send video data failed error
[error][16:05:03:497831] LibRtmpPushVideoFun send video data failed error
[error][16:05:03:537356] LibRtmpPushVideoFun send video data failed error
[error][16:05:03:581116] LibRtmpPushVideoFun send video data failed error
[error][16:05:03:621080] LibRtmpPushVideoFun send video data failed error
[info][16:05:03:630630] LibRtmpPushAudioFun no audio data
[error][16:05:03:662561] LibRtmpPushVideoFun send video data failed error
[error][16:05:03:704709] LibRtmpPushVideoFun send video data failed error
[error][16:05:03:745963] LibRtmpPushVideoFun send video data failed error
[error][16:05:03:788246] LibRtmpPushVideoFun send video data failed error
[error][16:05:03:830464] LibRtmpPushVideoFun send video data failed error
[error][16:05:03:871610] LibRtmpPushVideoFun send video data failed error
[error][16:05:03:913597] LibRtmpPushVideoFun send video data failed error
[error][16:05:03:955503] LibRtmpPushVideoFun send video data failed error
[error][16:05:03:997332] LibRtmpPushVideoFun send video data failed error
[info][16:05:04:038427] LibRtmpVideoFpsFunlive video fps: 23 fps Default fps:25 fps push aud fps :13video pts:5022 audio pts:3392+++++++++++
[error][16:05:04:039617] LibRtmpPushVideoFun send video data failed error
[error][16:05:04:084273] LibRtmpPushVideoFun send video data failed error
[error][16:05:04:123681] LibRtmpPushVideoFun send video data failed error
[error][16:05:04:168528] LibRtmpPushVideoFun send video data failed error
[error][16:05:04:207011] LibRtmpPushVideoFun send video data failed error
[error][16:05:04:250516] LibRtmpPushVideoFun send video data failed error
[error][16:05:04:291989] LibRtmpPushVideoFun send video data failed error
[error][16:05:04:332187] LibRtmpPushVideoFun send video data failed error
[error][16:05:04:373972] LibRtmpPushVideoFun send video data failed error
[error][16:05:04:415813] LibRtmpPushVideoFun send video data failed error
[error][16:05:04:457602] LibRtmpPushVideoFun send video data failed error
[error][16:05:04:499739] LibRtmpPushVideoFun send video data failed error
[error][16:05:04:541704] LibRtmpPushVideoFun send video data failed error
[error][16:05:04:583935] LibRtmpPushVideoFun send video data failed error
[error][16:05:04:625449] LibRtmpPushVideoFun send video data failed error
[error][16:05:04:666955] LibRtmpPushVideoFun send video data failed error
[error][16:05:04:709445] LibRtmpPushVideoFun send video data failed error
[info][16:05:04:743463] LibRtmpPushAudioFun no audio data
[error][16:05:04:750986] LibRtmpPushVideoFun send video data failed error
[error][16:05:04:795901] LibRtmpPushVideoFun send video data failed error
[error][16:05:04:834693] LibRtmpPushVideoFun send video data failed error
[error][16:05:04:876637] LibRtmpPushVideoFun send video data failed error
[error][16:05:04:917970] LibRtmpPushVideoFun send video data failed error
[error][16:05:04:960779] LibRtmpPushVideoFun send video data failed error
[error][16:05:05:004384] LibRtmpPushVideoFun send video data failed error
[info][16:05:05:038552] LibRtmpVideoFpsFunlive video fps: 24 fps Default fps:25 fps push aud fps :12video pts:6028 audio pts:4160+++++++++++
[error][16:05:05:044120] LibRtmpPushVideoFun send video data failed error
[error][16:05:05:086489] LibRtmpPushVideoFun send video data failed error
[error][16:05:05:127620] LibRtmpPushVideoFun send video data failed error
[error][16:05:05:171312] LibRtmpPushVideoFun send video data failed error
[error][16:05:05:218252] LibRtmpPushVideoFun send video data failed error
[error][16:05:05:253007] LibRtmpPushVideoFun send video data failed error
[error][16:05:05:294950] LibRtmpPushVideoFun send video data failed error
[error][16:05:05:338840] LibRtmpPushVideoFun send video data failed error
[error][16:05:05:378662] LibRtmpPushVideoFun send video data failed error
[error][16:05:05:421098] LibRtmpPushVideoFun send video data failed error
[error][16:05:05:462358] LibRtmpPushVideoFun send video data failed error
[error][16:05:05:504801] LibRtmpPushVideoFun send video data failed error
[error][16:05:05:546803] LibRtmpPushVideoFun send video data failed error
[error][16:05:05:587997] LibRtmpPushVideoFun send video data failed error
[error][16:05:05:633571] LibRtmpPushVideoFun send video data failed error
[error][16:05:05:672012] LibRtmpPushVideoFun send video data failed error
[error][16:05:05:713367] LibRtmpPushVideoFun send video data failed error
[error][16:05:05:755895] LibRtmpPushVideoFun send video data failed error
[error][16:05:05:797382] LibRtmpPushVideoFun send video data failed error
[error][16:05:05:839173] LibRtmpPushVideoFun send video data failed error
[info][16:05:05:870962] LibRtmpPushAudioFun no audio data
[error][16:05:05:881075] LibRtmpPushVideoFun send video data failed error
[error][16:05:05:927444] LibRtmpPushVideoFun send video data failed error
[error][16:05:05:964638] LibRtmpPushVideoFun send video data failed error
[error][16:05:06:007092] LibRtmpPushVideoFun send video data failed error
[info][16:05:06:038695] LibRtmpVideoFpsFunlive video fps: 24 fps Default fps:25 fps push aud fps :13video pts:7032 audio pts:4992+++++++++++
[error][16:05:06:049659] LibRtmpPushVideoFun send video data failed error
[error][16:05:06:090782] LibRtmpPushVideoFun send video data failed error
[error][16:05:06:135721] LibRtmpPushVideoFun send video data failed error
[error][16:05:06:174639] LibRtmpPushVideoFun send video data failed error
[error][16:05:06:218663] LibRtmpPushVideoFun send video data failed error
[error][16:05:06:261518] LibRtmpPushVideoFun send video data failed error
[error][16:05:06:300498] LibRtmpPushVideoFun send video data failed error
[error][16:05:06:345117] LibRtmpPushVideoFun send video data failed error
[error][16:05:06:383812] LibRtmpPushVideoFun send video data failed error
[error][16:05:06:425233] LibRtmpPushVideoFun send video data failed error
[error][16:05:06:469610] LibRtmpPushVideoFun send video data failed error
[error][16:05:06:509970] LibRtmpPushVideoFun send video data failed error
[error][16:05:06:552614] LibRtmpPushVideoFun send video data failed error
[error][16:05:06:593118] LibRtmpPushVideoFun send video data failed error
