[info][14:59:44:502027] Progress start
[info][14:59:44:502118] main Init video_buf_queue
[info][14:59:44:502215] main create faac encode aac thread success
[info][14:59:47:798860] Progress start
[info][14:59:47:798932] main Init video_buf_queue
[info][14:59:47:799030] main create faac encode aac thread success
[info][14:59:49:397292] execute create CameraProvider success
[info][14:59:49:397453] execute Get 4 cameras
[info][14:59:49:435445] execute get ICaptureSession interface success
[info][14:59:49:435526] execute get IOutputStreamSettings interface success
[info][14:59:49:472791] threadInitialize create FrameConsumer success
[info][14:59:49:491604] createVideoEncoder create m_VideoEncoder success
[info][14:59:49:491674] createVideoEncoder set capture plane format success
[info][14:59:49:492523] createVideoEncoder set output plane format success
[info][14:59:49:492581] createVideoEncoder set m_VideoEncoder framerate success
[info][14:59:49:492609] createVideoEncoder set I-frame interval success
[info][14:59:49:492676] createVideoEncoder set bitrate success
[info][14:59:49:492708] createVideoEncoder encode h265
[info][14:59:49:492729] createVideoEncoder set m_VideoEncoder profile
[info][14:59:49:492753] createVideoEncoder set rate control mode success
[info][14:59:49:492791] createVideoEncoder setup output plane success
[info][14:59:49:534664] createVideoEncoder setup capture plane success
[info][14:59:49:534754] threadInitialize create video encoder success
[info][14:59:49:534898] threadInitialize stream on output plane success
[info][14:59:49:534939] threadInitialize stream on capture plane success
[info][14:59:49:535254] execute create Request success
[info][14:59:49:535364] execute get ISourceSettings interface
[info][14:59:49:541729] threadExecute Stream connect success
[info][14:59:49:541795] execute start repeat capture request
