[info][15:00:37:341132] Progress start
[info][15:00:37:341214] main Init video_buf_queue
[info][15:00:37:341317] main create faac encode aac thread success
[info][15:00:38:877884] execute create CameraProvider success
[info][15:00:38:878063] execute Get 4 cameras
[info][15:00:38:927106] execute get ICaptureSession interface success
[info][15:00:38:927196] execute get IOutputStreamSettings interface success
[info][15:00:38:961263] threadInitialize create FrameConsumer success
[info][15:00:38:977451] createVideoEncoder create m_VideoEncoder success
[info][15:00:38:977517] createVideoEncoder set capture plane format success
[info][15:00:38:978283] createVideoEncoder set output plane format success
[info][15:00:38:978340] createVideoEncoder set m_VideoEncoder framerate success
[info][15:00:38:978365] createVideoEncoder set I-frame interval success
[info][15:00:38:978428] createVideoEncoder set bitrate success
[info][15:00:38:978454] createVideoEncoder encode h265
[info][15:00:38:978473] createVideoEncoder set m_VideoEncoder profile
[info][15:00:38:978496] createVideoEncoder set rate control mode success
[info][15:00:38:978529] createVideoEncoder setup output plane success
[info][15:00:38:999243] createVideoEncoder setup capture plane success
[info][15:00:38:999322] threadInitialize create video encoder success
[info][15:00:38:999589] threadInitialize stream on output plane success
[info][15:00:38:999632] threadInitialize stream on capture plane success
[info][15:00:38:999917] execute create Request success
[info][15:00:38:999964] execute get ISourceSettings interface
[info][15:00:39:000609] threadExecute Stream connect success
[info][15:00:39:000761] execute start repeat capture request
